[2026-01-06T02:46:54.801489] $ /usr/local/bin/python -m venv /data/apps/48495fbbd2a34391/venv
[2026-01-06T02:46:59.549998] $ /data/apps/48495fbbd2a34391/venv/bin/pip install --upgrade pip
[2026-01-06T02:47:00.151188] Requirement already satisfied: pip in ./venv/lib/python3.11/site-packages (24.0)
[2026-01-06T02:47:00.366416] Collecting pip
[2026-01-06T02:47:00.574905]   Downloading pip-25.3-py3-none-any.whl.metadata (4.7 kB)
[2026-01-06T02:47:00.633431] Downloading pip-25.3-py3-none-any.whl (1.8 MB)
[2026-01-06T02:47:00.936462]    ━━━━━━━━━━━━━━━━━━━━━━━━━━━━━━━━━━━━━━━━ 1.8/1.8 MB 6.0 MB/s eta 0:00:00
[2026-01-06T02:47:00.976097] Installing collected packages: pip
[2026-01-06T02:47:00.977000]   Attempting uninstall: pip
[2026-01-06T02:47:00.979824]     Found existing installation: pip 24.0
[2026-01-06T02:47:01.066433]     Uninstalling pip-24.0:
[2026-01-06T02:47:01.102608]       Successfully uninstalled pip-24.0
[2026-01-06T02:47:02.562185] Successfully installed pip-25.3
[2026-01-06T02:47:02.791946] $ /data/apps/48495fbbd2a34391/venv/bin/pip install -r /data/apps/48495fbbd2a34391/requirements.txt
[2026-01-06T02:47:03.477665] Collecting streamlit==1.41.1 (from -r /data/apps/48495fbbd2a34391/requirements.txt (line 1))
[2026-01-06T02:47:03.614878]   Downloading streamlit-1.41.1-py2.py3-none-any.whl.metadata (8.5 kB)
[2026-01-06T02:47:03.822596] Collecting pandas==2.2.3 (from -r /data/apps/48495fbbd2a34391/requirements.txt (line 2))
[2026-01-06T02:47:03.867570]   Downloading pandas-2.2.3-cp311-cp311-manylinux2014_aarch64.manylinux_2_17_aarch64.whl.metadata (89 kB)
[2026-01-06T02:47:04.138681] Collecting numpy==2.2.1 (from -r /data/apps/48495fbbd2a34391/requirements.txt (line 3))
[2026-01-06T02:47:04.401576]   Downloading numpy-2.2.1-cp311-cp311-manylinux_2_17_aarch64.manylinux2014_aarch64.whl.metadata (63 kB)
[2026-01-06T02:47:04.505950] Collecting altair==5.5.0 (from -r /data/apps/48495fbbd2a34391/requirements.txt (line 4))
[2026-01-06T02:47:04.548396]   Downloading altair-5.5.0-py3-none-any.whl.metadata (11 kB)
[2026-01-06T02:47:04.602011] Collecting blinker<2,>=1.0.0 (from streamlit==1.41.1->-r /data/apps/48495fbbd2a34391/requirements.txt (line 1))
[2026-01-06T02:47:04.649131]   Downloading blinker-1.9.0-py3-none-any.whl.metadata (1.6 kB)
[2026-01-06T02:47:04.727150] Collecting cachetools<6,>=4.0 (from streamlit==1.41.1->-r /data/apps/48495fbbd2a34391/requirements.txt (line 1))
[2026-01-06T02:47:04.826850]   Downloading cachetools-5.5.2-py3-none-any.whl.metadata (5.4 kB)
[2026-01-06T02:47:04.902485] Collecting click<9,>=7.0 (from streamlit==1.41.1->-r /data/apps/48495fbbd2a34391/requirements.txt (line 1))
[2026-01-06T02:47:04.951928]   Downloading click-8.3.1-py3-none-any.whl.metadata (2.6 kB)
[2026-01-06T02:47:05.021065] Collecting packaging<25,>=20 (from streamlit==1.41.1->-r /data/apps/48495fbbd2a34391/requirements.txt (line 1))
[2026-01-06T02:47:05.061550]   Downloading packaging-24.2-py3-none-any.whl.metadata (3.2 kB)
[2026-01-06T02:47:05.238345] Collecting pillow<12,>=7.1.0 (from streamlit==1.41.1->-r /data/apps/48495fbbd2a34391/requirements.txt (line 1))
[2026-01-06T02:47:05.280390]   Downloading pillow-11.3.0-cp311-cp311-manylinux_2_27_aarch64.manylinux_2_28_aarch64.whl.metadata (9.0 kB)
[2026-01-06T02:47:05.445870] Collecting protobuf<6,>=3.20 (from streamlit==1.41.1->-r /data/apps/48495fbbd2a34391/requirements.txt (line 1))
[2026-01-06T02:47:05.491986]   Downloading protobuf-5.29.5-cp38-abi3-manylinux2014_aarch64.whl.metadata (592 bytes)
[2026-01-06T02:47:05.585398] Collecting pyarrow>=7.0 (from streamlit==1.41.1->-r /data/apps/48495fbbd2a34391/requirements.txt (line 1))
[2026-01-06T02:47:05.625114]   Downloading pyarrow-22.0.0-cp311-cp311-manylinux_2_28_aarch64.whl.metadata (3.2 kB)
[2026-01-06T02:47:05.680022] Collecting requests<3,>=2.27 (from streamlit==1.41.1->-r /data/apps/48495fbbd2a34391/requirements.txt (line 1))
[2026-01-06T02:47:05.719433]   Downloading requests-2.32.5-py3-none-any.whl.metadata (4.9 kB)
[2026-01-06T02:47:05.788625] Collecting rich<14,>=10.14.0 (from streamlit==1.41.1->-r /data/apps/48495fbbd2a34391/requirements.txt (line 1))
[2026-01-06T02:47:05.831067]   Downloading rich-13.9.4-py3-none-any.whl.metadata (18 kB)
[2026-01-06T02:47:05.893313] Collecting tenacity<10,>=8.1.0 (from streamlit==1.41.1->-r /data/apps/48495fbbd2a34391/requirements.txt (line 1))
[2026-01-06T02:47:05.933092]   Downloading tenacity-9.1.2-py3-none-any.whl.metadata (1.2 kB)
[2026-01-06T02:47:05.984411] Collecting toml<2,>=0.10.1 (from streamlit==1.41.1->-r /data/apps/48495fbbd2a34391/requirements.txt (line 1))
[2026-01-06T02:47:06.026681]   Downloading toml-0.10.2-py2.py3-none-any.whl.metadata (7.1 kB)
[2026-01-06T02:47:06.087136] Collecting typing-extensions<5,>=4.3.0 (from streamlit==1.41.1->-r /data/apps/48495fbbd2a34391/requirements.txt (line 1))
[2026-01-06T02:47:06.128698]   Downloading typing_extensions-4.15.0-py3-none-any.whl.metadata (3.3 kB)
[2026-01-06T02:47:06.209650] Collecting watchdog<7,>=2.1.5 (from streamlit==1.41.1->-r /data/apps/48495fbbd2a34391/requirements.txt (line 1))
[2026-01-06T02:47:06.257919]   Downloading watchdog-6.0.0-py3-none-manylinux2014_aarch64.whl.metadata (44 kB)
[2026-01-06T02:47:06.340046] Collecting gitpython!=3.1.19,<4,>=3.0.7 (from streamlit==1.41.1->-r /data/apps/48495fbbd2a34391/requirements.txt (line 1))
[2026-01-06T02:47:06.379353]   Downloading gitpython-3.1.46-py3-none-any.whl.metadata (13 kB)
[2026-01-06T02:47:06.439142] Collecting pydeck<1,>=0.8.0b4 (from streamlit==1.41.1->-r /data/apps/48495fbbd2a34391/requirements.txt (line 1))
[2026-01-06T02:47:06.479493]   Downloading pydeck-0.9.1-py2.py3-none-any.whl.metadata (4.1 kB)
[2026-01-06T02:47:06.574323] Collecting tornado<7,>=6.0.3 (from streamlit==1.41.1->-r /data/apps/48495fbbd2a34391/requirements.txt (line 1))
[2026-01-06T02:47:06.614452]   Downloading tornado-6.5.4-cp39-abi3-manylinux_2_17_aarch64.manylinux2014_aarch64.whl.metadata (2.8 kB)
[2026-01-06T02:47:06.669235] Collecting python-dateutil>=2.8.2 (from pandas==2.2.3->-r /data/apps/48495fbbd2a34391/requirements.txt (line 2))
[2026-01-06T02:47:06.707364]   Downloading python_dateutil-2.9.0.post0-py2.py3-none-any.whl.metadata (8.4 kB)
[2026-01-06T02:47:06.781186] Collecting pytz>=2020.1 (from pandas==2.2.3->-r /data/apps/48495fbbd2a34391/requirements.txt (line 2))
[2026-01-06T02:47:06.820635]   Downloading pytz-2025.2-py2.py3-none-any.whl.metadata (22 kB)
[2026-01-06T02:47:06.879729] Collecting tzdata>=2022.7 (from pandas==2.2.3->-r /data/apps/48495fbbd2a34391/requirements.txt (line 2))
[2026-01-06T02:47:06.918753]   Downloading tzdata-2025.3-py2.py3-none-any.whl.metadata (1.4 kB)
[2026-01-06T02:47:06.979649] Collecting jinja2 (from altair==5.5.0->-r /data/apps/48495fbbd2a34391/requirements.txt (line 4))
[2026-01-06T02:47:07.024389]   Downloading jinja2-3.1.6-py3-none-any.whl.metadata (2.9 kB)
[2026-01-06T02:47:07.101138] Collecting jsonschema>=3.0 (from altair==5.5.0->-r /data/apps/48495fbbd2a34391/requirements.txt (line 4))
[2026-01-06T02:47:07.145383]   Downloading jsonschema-4.25.1-py3-none-any.whl.metadata (7.6 kB)
[2026-01-06T02:47:07.234882] Collecting narwhals>=1.14.2 (from altair==5.5.0->-r /data/apps/48495fbbd2a34391/requirements.txt (line 4))
[2026-01-06T02:47:07.274961]   Downloading narwhals-2.14.0-py3-none-any.whl.metadata (13 kB)
[2026-01-06T02:47:07.344448] Collecting gitdb<5,>=4.0.1 (from gitpython!=3.1.19,<4,>=3.0.7->streamlit==1.41.1->-r /data/apps/48495fbbd2a34391/requirements.txt (line 1))
[2026-01-06T02:47:07.409377]   Downloading gitdb-4.0.12-py3-none-any.whl.metadata (1.2 kB)
[2026-01-06T02:47:07.469211] Collecting smmap<6,>=3.0.1 (from gitdb<5,>=4.0.1->gitpython!=3.1.19,<4,>=3.0.7->streamlit==1.41.1->-r /data/apps/48495fbbd2a34391/requirements.txt (line 1))
[2026-01-06T02:47:07.517123]   Downloading smmap-5.0.2-py3-none-any.whl.metadata (4.3 kB)
[2026-01-06T02:47:07.621029] Collecting charset_normalizer<4,>=2 (from requests<3,>=2.27->streamlit==1.41.1->-r /data/apps/48495fbbd2a34391/requirements.txt (line 1))
[2026-01-06T02:47:07.660660]   Downloading charset_normalizer-3.4.4-cp311-cp311-manylinux2014_aarch64.manylinux_2_17_aarch64.manylinux_2_28_aarch64.whl.metadata (37 kB)
[2026-01-06T02:47:07.721139] Collecting idna<4,>=2.5 (from requests<3,>=2.27->streamlit==1.41.1->-r /data/apps/48495fbbd2a34391/requirements.txt (line 1))
[2026-01-06T02:47:07.759216]   Downloading idna-3.11-py3-none-any.whl.metadata (8.4 kB)
[2026-01-06T02:47:07.822629] Collecting urllib3<3,>=1.21.1 (from requests<3,>=2.27->streamlit==1.41.1->-r /data/apps/48495fbbd2a34391/requirements.txt (line 1))
[2026-01-06T02:47:07.863479]   Downloading urllib3-2.6.2-py3-none-any.whl.metadata (6.6 kB)
[2026-01-06T02:47:07.922990] Collecting certifi>=2017.4.17 (from requests<3,>=2.27->streamlit==1.41.1->-r /data/apps/48495fbbd2a34391/requirements.txt (line 1))
[2026-01-06T02:47:07.964983]   Downloading certifi-2026.1.4-py3-none-any.whl.metadata (2.5 kB)
[2026-01-06T02:47:08.033890] Collecting markdown-it-py>=2.2.0 (from rich<14,>=10.14.0->streamlit==1.41.1->-r /data/apps/48495fbbd2a34391/requirements.txt (line 1))
[2026-01-06T02:47:08.076309]   Downloading markdown_it_py-4.0.0-py3-none-any.whl.metadata (7.3 kB)
[2026-01-06T02:47:08.149742] Collecting pygments<3.0.0,>=2.13.0 (from rich<14,>=10.14.0->streamlit==1.41.1->-r /data/apps/48495fbbd2a34391/requirements.txt (line 1))
[2026-01-06T02:47:08.191452]   Downloading pygments-2.19.2-py3-none-any.whl.metadata (2.5 kB)
[2026-01-06T02:47:08.289967] Collecting MarkupSafe>=2.0 (from jinja2->altair==5.5.0->-r /data/apps/48495fbbd2a34391/requirements.txt (line 4))
[2026-01-06T02:47:08.339123]   Downloading markupsafe-3.0.3-cp311-cp311-manylinux2014_aarch64.manylinux_2_17_aarch64.manylinux_2_28_aarch64.whl.metadata (2.7 kB)
[2026-01-06T02:47:08.392657] Collecting attrs>=22.2.0 (from jsonschema>=3.0->altair==5.5.0->-r /data/apps/48495fbbd2a34391/requirements.txt (line 4))
[2026-01-06T02:47:08.434316]   Downloading attrs-25.4.0-py3-none-any.whl.metadata (10 kB)
[2026-01-06T02:47:08.484743] Collecting jsonschema-specifications>=2023.03.6 (from jsonschema>=3.0->altair==5.5.0->-r /data/apps/48495fbbd2a34391/requirements.txt (line 4))
[2026-01-06T02:47:08.530756]   Downloading jsonschema_specifications-2025.9.1-py3-none-any.whl.metadata (2.9 kB)
[2026-01-06T02:47:08.598626] Collecting referencing>=0.28.4 (from jsonschema>=3.0->altair==5.5.0->-r /data/apps/48495fbbd2a34391/requirements.txt (line 4))
[2026-01-06T02:47:08.639185]   Downloading referencing-0.37.0-py3-none-any.whl.metadata (2.8 kB)
[2026-01-06T02:47:08.943164] Collecting rpds-py>=0.7.1 (from jsonschema>=3.0->altair==5.5.0->-r /data/apps/48495fbbd2a34391/requirements.txt (line 4))
[2026-01-06T02:47:08.982033]   Downloading rpds_py-0.30.0-cp311-cp311-manylinux_2_17_aarch64.manylinux2014_aarch64.whl.metadata (4.1 kB)
[2026-01-06T02:47:09.038864] Collecting mdurl~=0.1 (from markdown-it-py>=2.2.0->rich<14,>=10.14.0->streamlit==1.41.1->-r /data/apps/48495fbbd2a34391/requirements.txt (line 1))
[2026-01-06T02:47:09.079169]   Downloading mdurl-0.1.2-py3-none-any.whl.metadata (1.6 kB)
[2026-01-06T02:47:09.132658] Collecting six>=1.5 (from python-dateutil>=2.8.2->pandas==2.2.3->-r /data/apps/48495fbbd2a34391/requirements.txt (line 2))
[2026-01-06T02:47:09.174725]   Downloading six-1.17.0-py2.py3-none-any.whl.metadata (1.7 kB)
[2026-01-06T02:47:09.233151] Downloading streamlit-1.41.1-py2.py3-none-any.whl (9.1 MB)
[2026-01-06T02:47:10.453472]    ━━━━━━━━━━━━━━━━━━━━━━━━━━━━━━━━━━━━━━━━ 9.1/9.1 MB 7.7 MB/s  0:00:01
[2026-01-06T02:47:10.490772] Downloading pandas-2.2.3-cp311-cp311-manylinux2014_aarch64.manylinux_2_17_aarch64.whl (15.6 MB)
[2026-01-06T02:47:13.044138]    ━━━━━━━━━━━━━━━━━━━━━━━━━━━━━━━━━━━━━━━━ 15.6/15.6 MB 6.1 MB/s  0:00:02
[2026-01-06T02:47:14.490531] Downloading numpy-2.2.1-cp311-cp311-manylinux_2_17_aarch64.manylinux2014_aarch64.whl (14.3 MB)
[2026-01-06T02:47:18.357135]    ━━━━━━━━━━━━━━━━━━━━━━━━━━━━━━━━━━━━━━━━ 14.3/14.3 MB 3.7 MB/s  0:00:03
[2026-01-06T02:47:18.402551] Downloading altair-5.5.0-py3-none-any.whl (731 kB)
[2026-01-06T02:47:18.554416]    ━━━━━━━━━━━━━━━━━━━━━━━━━━━━━━━━━━━━━━━━ 731.2/731.2 kB 5.0 MB/s  0:00:00
[2026-01-06T02:47:18.596692] Downloading blinker-1.9.0-py3-none-any.whl (8.5 kB)
[2026-01-06T02:47:18.645414] Downloading cachetools-5.5.2-py3-none-any.whl (10 kB)
[2026-01-06T02:47:18.691547] Downloading click-8.3.1-py3-none-any.whl (108 kB)
[2026-01-06T02:47:18.750967] Downloading gitpython-3.1.46-py3-none-any.whl (208 kB)
[2026-01-06T02:47:18.822518] Downloading gitdb-4.0.12-py3-none-any.whl (62 kB)
[2026-01-06T02:47:18.872571] Downloading packaging-24.2-py3-none-any.whl (65 kB)
[2026-01-06T02:47:18.929281] Downloading pillow-11.3.0-cp311-cp311-manylinux_2_27_aarch64.manylinux_2_28_aarch64.whl (6.0 MB)
[2026-01-06T02:47:20.191626]    ━━━━━━━━━━━━━━━━━━━━━━━━━━━━━━━━━━━━━━━━ 6.0/6.0 MB 4.7 MB/s  0:00:01
[2026-01-06T02:47:20.233193] Downloading protobuf-5.29.5-cp38-abi3-manylinux2014_aarch64.whl (319 kB)
[2026-01-06T02:47:20.339091] Downloading pydeck-0.9.1-py2.py3-none-any.whl (6.9 MB)
[2026-01-06T02:47:21.578307]    ━━━━━━━━━━━━━━━━━━━━━━━━━━━━━━━━━━━━━━━━ 6.9/6.9 MB 5.6 MB/s  0:00:01
[2026-01-06T02:47:21.619271] Downloading requests-2.32.5-py3-none-any.whl (64 kB)
[2026-01-06T02:47:21.709887] Downloading charset_normalizer-3.4.4-cp311-cp311-manylinux2014_aarch64.manylinux_2_17_aarch64.manylinux_2_28_aarch64.whl (147 kB)
[2026-01-06T02:47:21.777137] Downloading idna-3.11-py3-none-any.whl (71 kB)
[2026-01-06T02:47:21.829064] Downloading rich-13.9.4-py3-none-any.whl (242 kB)
[2026-01-06T02:47:21.901574] Downloading pygments-2.19.2-py3-none-any.whl (1.2 MB)
[2026-01-06T02:47:22.194999]    ━━━━━━━━━━━━━━━━━━━━━━━━━━━━━━━━━━━━━━━━ 1.2/1.2 MB 3.9 MB/s  0:00:00
[2026-01-06T02:47:22.244766] Downloading smmap-5.0.2-py3-none-any.whl (24 kB)
[2026-01-06T02:47:22.288557] Downloading tenacity-9.1.2-py3-none-any.whl (28 kB)
[2026-01-06T02:47:22.343097] Downloading toml-0.10.2-py2.py3-none-any.whl (16 kB)
[2026-01-06T02:47:22.383681] Downloading tornado-6.5.4-cp39-abi3-manylinux_2_17_aarch64.manylinux2014_aarch64.whl (445 kB)
[2026-01-06T02:47:22.551994] Downloading typing_extensions-4.15.0-py3-none-any.whl (44 kB)
[2026-01-06T02:47:22.611573] Downloading urllib3-2.6.2-py3-none-any.whl (131 kB)
[2026-01-06T02:47:22.670860] Downloading watchdog-6.0.0-py3-none-manylinux2014_aarch64.whl (79 kB)
[2026-01-06T02:47:22.733540] Downloading certifi-2026.1.4-py3-none-any.whl (152 kB)
[2026-01-06T02:47:22.800851] Downloading jinja2-3.1.6-py3-none-any.whl (134 kB)
[2026-01-06T02:47:22.856061] Downloading jsonschema-4.25.1-py3-none-any.whl (90 kB)
[2026-01-06T02:47:22.914623] Downloading attrs-25.4.0-py3-none-any.whl (67 kB)
[2026-01-06T02:47:22.973564] Downloading jsonschema_specifications-2025.9.1-py3-none-any.whl (18 kB)
[2026-01-06T02:47:23.032718] Downloading markdown_it_py-4.0.0-py3-none-any.whl (87 kB)
[2026-01-06T02:47:23.149786] Downloading mdurl-0.1.2-py3-none-any.whl (10.0 kB)
[2026-01-06T02:47:23.205981] Downloading markupsafe-3.0.3-cp311-cp311-manylinux2014_aarch64.manylinux_2_17_aarch64.manylinux_2_28_aarch64.whl (24 kB)
[2026-01-06T02:47:23.253562] Downloading narwhals-2.14.0-py3-none-any.whl (430 kB)
[2026-01-06T02:47:23.367721] Downloading pyarrow-22.0.0-cp311-cp311-manylinux_2_28_aarch64.whl (45.0 MB)
[2026-01-06T02:47:32.549408]    ━━━━━━━━━━━━━━━━━━━━━━━━━━━━━━━━━━━━━━━━ 45.0/45.0 MB 4.9 MB/s  0:00:09
[2026-01-06T02:47:32.594963] Downloading python_dateutil-2.9.0.post0-py2.py3-none-any.whl (229 kB)
[2026-01-06T02:47:32.667163] Downloading pytz-2025.2-py2.py3-none-any.whl (509 kB)
[2026-01-06T02:47:32.791281] Downloading referencing-0.37.0-py3-none-any.whl (26 kB)
[2026-01-06T02:47:32.838696] Downloading rpds_py-0.30.0-cp311-cp311-manylinux_2_17_aarch64.manylinux2014_aarch64.whl (389 kB)
[2026-01-06T02:47:32.948088] Downloading six-1.17.0-py2.py3-none-any.whl (11 kB)
[2026-01-06T02:47:33.002615] Downloading tzdata-2025.3-py2.py3-none-any.whl (348 kB)
[2026-01-06T02:47:33.300956] Installing collected packages: pytz, watchdog, urllib3, tzdata, typing-extensions, tornado, toml, tenacity, smmap, six, rpds-py, pygments, pyarrow, protobuf, pillow, packaging, numpy, narwhals, mdurl, MarkupSafe, idna, click, charset_normalizer, certifi, cachetools, blinker, attrs, requests, referencing, python-dateutil, markdown-it-py, jinja2, gitdb, rich, pydeck, pandas, jsonschema-specifications, gitpython, jsonschema, altair, streamlit
[2026-01-06T02:47:53.232626] 
[2026-01-06T02:47:53.240196] Successfully installed MarkupSafe-3.0.3 altair-5.5.0 attrs-25.4.0 blinker-1.9.0 cachetools-5.5.2 certifi-2026.1.4 charset_normalizer-3.4.4 click-8.3.1 gitdb-4.0.12 gitpython-3.1.46 idna-3.11 jinja2-3.1.6 jsonschema-4.25.1 jsonschema-specifications-2025.9.1 markdown-it-py-4.0.0 mdurl-0.1.2 narwhals-2.14.0 numpy-2.2.1 packaging-24.2 pandas-2.2.3 pillow-11.3.0 protobuf-5.29.5 pyarrow-22.0.0 pydeck-0.9.1 pygments-2.19.2 python-dateutil-2.9.0.post0 pytz-2025.2 referencing-0.37.0 requests-2.32.5 rich-13.9.4 rpds-py-0.30.0 six-1.17.0 smmap-5.0.2 streamlit-1.41.1 tenacity-9.1.2 toml-0.10.2 tornado-6.5.4 typing-extensions-4.15.0 tzdata-2025.3 urllib3-2.6.2 watchdog-6.0.0
[2026-01-06T02:47:54.326179] streamlit started pid=88 url=http://127.0.0.1:8080/apps/48495fbbd2a34391/

Collecting usage statistics. To deactivate, set browser.gatherUsageStats to false.


  You can now view your Streamlit app in your browser.

  URL: http://0.0.0.0:8501/apps/48495fbbd2a34391

[2026-01-06T07:51:16.231790] starting (manual) url=http://127.0.0.1:8080/apps/48495fbbd2a34391/
[2026-01-06T07:51:16.236119] $ /data/apps/48495fbbd2a34391/venv/bin/pip install --upgrade pip
[2026-01-06T07:51:17.626636] Requirement already satisfied: pip in ./venv/lib/python3.11/site-packages (25.3)
[2026-01-06T07:51:18.516071] $ /data/apps/48495fbbd2a34391/venv/bin/pip install -r /data/apps/48495fbbd2a34391/requirements.txt
[2026-01-06T07:51:19.028656] Requirement already satisfied: streamlit==1.41.1 in ./venv/lib/python3.11/site-packages (from -r /data/apps/48495fbbd2a34391/requirements.txt (line 1)) (1.41.1)
[2026-01-06T07:51:19.033739] Requirement already satisfied: pandas==2.2.3 in ./venv/lib/python3.11/site-packages (from -r /data/apps/48495fbbd2a34391/requirements.txt (line 2)) (2.2.3)
[2026-01-06T07:51:19.037714] Requirement already satisfied: numpy==2.2.1 in ./venv/lib/python3.11/site-packages (from -r /data/apps/48495fbbd2a34391/requirements.txt (line 3)) (2.2.1)
[2026-01-06T07:51:19.038021] Requirement already satisfied: altair==5.5.0 in ./venv/lib/python3.11/site-packages (from -r /data/apps/48495fbbd2a34391/requirements.txt (line 4)) (5.5.0)
[2026-01-06T07:51:19.038267] Requirement already satisfied: blinker<2,>=1.0.0 in ./venv/lib/python3.11/site-packages (from streamlit==1.41.1->-r /data/apps/48495fbbd2a34391/requirements.txt (line 1)) (1.9.0)
[2026-01-06T07:51:19.041610] Requirement already satisfied: cachetools<6,>=4.0 in ./venv/lib/python3.11/site-packages (from streamlit==1.41.1->-r /data/apps/48495fbbd2a34391/requirements.txt (line 1)) (5.5.2)
[2026-01-06T07:51:19.041858] Requirement already satisfied: click<9,>=7.0 in ./venv/lib/python3.11/site-packages (from streamlit==1.41.1->-r /data/apps/48495fbbd2a34391/requirements.txt (line 1)) (8.3.1)
[2026-01-06T07:51:19.042189] Requirement already satisfied: packaging<25,>=20 in ./venv/lib/python3.11/site-packages (from streamlit==1.41.1->-r /data/apps/48495fbbd2a34391/requirements.txt (line 1)) (24.2)
[2026-01-06T07:51:19.044612] Requirement already satisfied: pillow<12,>=7.1.0 in ./venv/lib/python3.11/site-packages (from streamlit==1.41.1->-r /data/apps/48495fbbd2a34391/requirements.txt (line 1)) (11.3.0)
[2026-01-06T07:51:19.047863] Requirement already satisfied: protobuf<6,>=3.20 in ./venv/lib/python3.11/site-packages (from streamlit==1.41.1->-r /data/apps/48495fbbd2a34391/requirements.txt (line 1)) (5.29.5)
[2026-01-06T07:51:19.048864] Requirement already satisfied: pyarrow>=7.0 in ./venv/lib/python3.11/site-packages (from streamlit==1.41.1->-r /data/apps/48495fbbd2a34391/requirements.txt (line 1)) (22.0.0)
[2026-01-06T07:51:19.049598] Requirement already satisfied: requests<3,>=2.27 in ./venv/lib/python3.11/site-packages (from streamlit==1.41.1->-r /data/apps/48495fbbd2a34391/requirements.txt (line 1)) (2.32.5)
[2026-01-06T07:51:19.049864] Requirement already satisfied: rich<14,>=10.14.0 in ./venv/lib/python3.11/site-packages (from streamlit==1.41.1->-r /data/apps/48495fbbd2a34391/requirements.txt (line 1)) (13.9.4)
[2026-01-06T07:51:19.050530] Requirement already satisfied: tenacity<10,>=8.1.0 in ./venv/lib/python3.11/site-packages (from streamlit==1.41.1->-r /data/apps/48495fbbd2a34391/requirements.txt (line 1)) (9.1.2)
[2026-01-06T07:51:19.052289] Requirement already satisfied: toml<2,>=0.10.1 in ./venv/lib/python3.11/site-packages (from streamlit==1.41.1->-r /data/apps/48495fbbd2a34391/requirements.txt (line 1)) (0.10.2)
[2026-01-06T07:51:19.052956] Requirement already satisfied: typing-extensions<5,>=4.3.0 in ./venv/lib/python3.11/site-packages (from streamlit==1.41.1->-r /data/apps/48495fbbd2a34391/requirements.txt (line 1)) (4.15.0)
[2026-01-06T07:51:19.053304] Requirement already satisfied: watchdog<7,>=2.1.5 in ./venv/lib/python3.11/site-packages (from streamlit==1.41.1->-r /data/apps/48495fbbd2a34391/requirements.txt (line 1)) (6.0.0)
[2026-01-06T07:51:19.053859] Requirement already satisfied: gitpython!=3.1.19,<4,>=3.0.7 in ./venv/lib/python3.11/site-packages (from streamlit==1.41.1->-r /data/apps/48495fbbd2a34391/requirements.txt (line 1)) (3.1.46)
[2026-01-06T07:51:19.055429] Requirement already satisfied: pydeck<1,>=0.8.0b4 in ./venv/lib/python3.11/site-packages (from streamlit==1.41.1->-r /data/apps/48495fbbd2a34391/requirements.txt (line 1)) (0.9.1)
[2026-01-06T07:51:19.055944] Requirement already satisfied: tornado<7,>=6.0.3 in ./venv/lib/python3.11/site-packages (from streamlit==1.41.1->-r /data/apps/48495fbbd2a34391/requirements.txt (line 1)) (6.5.4)
[2026-01-06T07:51:19.057207] Requirement already satisfied: python-dateutil>=2.8.2 in ./venv/lib/python3.11/site-packages (from pandas==2.2.3->-r /data/apps/48495fbbd2a34391/requirements.txt (line 2)) (2.9.0.post0)
[2026-01-06T07:51:19.059486] Requirement already satisfied: pytz>=2020.1 in ./venv/lib/python3.11/site-packages (from pandas==2.2.3->-r /data/apps/48495fbbd2a34391/requirements.txt (line 2)) (2025.2)
[2026-01-06T07:51:19.060239] Requirement already satisfied: tzdata>=2022.7 in ./venv/lib/python3.11/site-packages (from pandas==2.2.3->-r /data/apps/48495fbbd2a34391/requirements.txt (line 2)) (2025.3)
[2026-01-06T07:51:19.060430] Requirement already satisfied: jinja2 in ./venv/lib/python3.11/site-packages (from altair==5.5.0->-r /data/apps/48495fbbd2a34391/requirements.txt (line 4)) (3.1.6)
[2026-01-06T07:51:19.060609] Requirement already satisfied: jsonschema>=3.0 in ./venv/lib/python3.11/site-packages (from altair==5.5.0->-r /data/apps/48495fbbd2a34391/requirements.txt (line 4)) (4.25.1)
[2026-01-06T07:51:19.060796] Requirement already satisfied: narwhals>=1.14.2 in ./venv/lib/python3.11/site-packages (from altair==5.5.0->-r /data/apps/48495fbbd2a34391/requirements.txt (line 4)) (2.14.0)
[2026-01-06T07:51:19.061270] Requirement already satisfied: gitdb<5,>=4.0.1 in ./venv/lib/python3.11/site-packages (from gitpython!=3.1.19,<4,>=3.0.7->streamlit==1.41.1->-r /data/apps/48495fbbd2a34391/requirements.txt (line 1)) (4.0.12)
[2026-01-06T07:51:19.062581] Requirement already satisfied: smmap<6,>=3.0.1 in ./venv/lib/python3.11/site-packages (from gitdb<5,>=4.0.1->gitpython!=3.1.19,<4,>=3.0.7->streamlit==1.41.1->-r /data/apps/48495fbbd2a34391/requirements.txt (line 1)) (5.0.2)
[2026-01-06T07:51:19.064198] Requirement already satisfied: charset_normalizer<4,>=2 in ./venv/lib/python3.11/site-packages (from requests<3,>=2.27->streamlit==1.41.1->-r /data/apps/48495fbbd2a34391/requirements.txt (line 1)) (3.4.4)
[2026-01-06T07:51:19.065050] Requirement already satisfied: idna<4,>=2.5 in ./venv/lib/python3.11/site-packages (from requests<3,>=2.27->streamlit==1.41.1->-r /data/apps/48495fbbd2a34391/requirements.txt (line 1)) (3.11)
[2026-01-06T07:51:19.066072] Requirement already satisfied: urllib3<3,>=1.21.1 in ./venv/lib/python3.11/site-packages (from requests<3,>=2.27->streamlit==1.41.1->-r /data/apps/48495fbbd2a34391/requirements.txt (line 1)) (2.6.2)
[2026-01-06T07:51:19.066611] Requirement already satisfied: certifi>=2017.4.17 in ./venv/lib/python3.11/site-packages (from requests<3,>=2.27->streamlit==1.41.1->-r /data/apps/48495fbbd2a34391/requirements.txt (line 1)) (2026.1.4)
[2026-01-06T07:51:19.067398] Requirement already satisfied: markdown-it-py>=2.2.0 in ./venv/lib/python3.11/site-packages (from rich<14,>=10.14.0->streamlit==1.41.1->-r /data/apps/48495fbbd2a34391/requirements.txt (line 1)) (4.0.0)
[2026-01-06T07:51:19.068206] Requirement already satisfied: pygments<3.0.0,>=2.13.0 in ./venv/lib/python3.11/site-packages (from rich<14,>=10.14.0->streamlit==1.41.1->-r /data/apps/48495fbbd2a34391/requirements.txt (line 1)) (2.19.2)
[2026-01-06T07:51:19.071295] Requirement already satisfied: MarkupSafe>=2.0 in ./venv/lib/python3.11/site-packages (from jinja2->altair==5.5.0->-r /data/apps/48495fbbd2a34391/requirements.txt (line 4)) (3.0.3)
[2026-01-06T07:51:19.073812] Requirement already satisfied: attrs>=22.2.0 in ./venv/lib/python3.11/site-packages (from jsonschema>=3.0->altair==5.5.0->-r /data/apps/48495fbbd2a34391/requirements.txt (line 4)) (25.4.0)
[2026-01-06T07:51:19.074041] Requirement already satisfied: jsonschema-specifications>=2023.03.6 in ./venv/lib/python3.11/site-packages (from jsonschema>=3.0->altair==5.5.0->-r /data/apps/48495fbbd2a34391/requirements.txt (line 4)) (2025.9.1)
[2026-01-06T07:51:19.074477] Requirement already satisfied: referencing>=0.28.4 in ./venv/lib/python3.11/site-packages (from jsonschema>=3.0->altair==5.5.0->-r /data/apps/48495fbbd2a34391/requirements.txt (line 4)) (0.37.0)
[2026-01-06T07:51:19.075209] Requirement already satisfied: rpds-py>=0.7.1 in ./venv/lib/python3.11/site-packages (from jsonschema>=3.0->altair==5.5.0->-r /data/apps/48495fbbd2a34391/requirements.txt (line 4)) (0.30.0)
[2026-01-06T07:51:19.077496] Requirement already satisfied: mdurl~=0.1 in ./venv/lib/python3.11/site-packages (from markdown-it-py>=2.2.0->rich<14,>=10.14.0->streamlit==1.41.1->-r /data/apps/48495fbbd2a34391/requirements.txt (line 1)) (0.1.2)
[2026-01-06T07:51:19.081685] Requirement already satisfied: six>=1.5 in ./venv/lib/python3.11/site-packages (from python-dateutil>=2.8.2->pandas==2.2.3->-r /data/apps/48495fbbd2a34391/requirements.txt (line 2)) (1.17.0)
[2026-01-06T07:51:19.196345] streamlit started pid=5082 url=http://127.0.0.1:8080/apps/48495fbbd2a34391/

Collecting usage statistics. To deactivate, set browser.gatherUsageStats to false.


  You can now view your Streamlit app in your browser.

  URL: http://0.0.0.0:8501/apps/48495fbbd2a34391

